// 重构日志: 0e1b5c4a
// 重构日志: fcfa5f8a
// 重构日志: 3636227a
// 重构日志: b3b9cddf
// 重构日志: f46803d9
// 重构日志: b0d3e037
// 重构日志: aab41811
// 同步 ID: e49651c0 @ Fri Jun 26 11:30:31 UTC 2026
// 同步 ID: 66cb8c80 @ Fri Jun 26 22:33:37 UTC 2026
// 同步 ID: 10e3a66e @ Thu Jul  2 10:35:46 UTC 2026
// 同步 ID: 64c4d1e4 @ Sun Jul  5 18:16:07 UTC 2026
// 同步 ID: fbeb4643 @ Tue Jul  7 14:01:21 UTC 2026
// 重构日志: d7233e9d
// 同步 ID: e239ec71 @ Thu Jul  9 13:04:36 UTC 2026
// 重构日志: 357f9feb
// 重构日志: 31c72019
// 重构日志: 94f85cae
// 重构日志: aa85b105
// 同步 ID: 27b1e18a @ Sat Jul 11 15:32:03 UTC 2026
// 重构日志: 719b1196
// 同步 ID: 95d3b639 @ Mon Jul 13 01:43:19 UTC 2026
// 重构日志: b03181b1
// 重构日志: 11ae7e6c
// 重构日志: 574295ce
// 同步 ID: 5c4449b9 @ Mon Jul 13 18:28:47 UTC 2026
// 重构日志: 91d8d347
// 重构日志: 7b426eb6
// 重构日志: 6a5a7816
// 重构日志: 3da7eedd
// 重构日志: 42058b61
// 重构日志: d85da8ee
